<?xml version="1.0" encoding="UTF-8"?>
<testng-results skipped="0" failed="0" total="1" passed="1">
  <reporter-output>
  </reporter-output>
  <suite name="Default suite" duration-ms="20981" started-at="2018-08-21T17:51:32Z" finished-at="2018-08-21T17:51:53Z">
    <groups>
    </groups>
    <test name="Default test" duration-ms="20981" started-at="2018-08-21T17:51:32Z" finished-at="2018-08-21T17:51:53Z">
      <class name="Tests.LoginTest">
        <test-method status="PASS" signature="setup()[pri:0, instance:Tests.LoginTest@3bd550]" name="setup" is-config="true" duration-ms="12671" started-at="2018-08-21T20:51:32Z" finished-at="2018-08-21T20:51:44Z">
          <reporter-output>
          </reporter-output>
        </test-method> <!-- setup -->
        <test-method status="PASS" signature="test_Dashboard()[pri:0, instance:Tests.LoginTest@3bd550]" name="test_Dashboard" duration-ms="8278" started-at="2018-08-21T20:51:44Z" finished-at="2018-08-21T20:51:53Z">
          <reporter-output>
          </reporter-output>
        </test-method> <!-- test_Dashboard -->
      </class> <!-- Tests.LoginTest -->
    </test> <!-- Default test -->
  </suite> <!-- Default suite -->
</testng-results>
